<?xml version="1.0" encoding="UTF-8"?>
<!-- Generated by org.testng.reporters.JUnitReportReporter -->
<testsuite hostname="DESKTOP-QBI4CKJ" failures="0" tests="2" name="com.actitime.testscript.Customer0Module" time="0.033" errors="0" timestamp="2022-06-02T00:28:44 IST" skipped="0">
  <testcase classname="com.actitime.testscript.Customer0Module" name="createcustomer" time="0.014"/>
  <system-out>
    <![CDATA[createcustomer]]>
  </system-out>
  <testcase classname="com.actitime.testscript.Customer0Module" name="modifycustomer" time="0.019"/>
  <system-out>
    <![CDATA[modifycustomer]]>
  </system-out>
</testsuite> <!-- com.actitime.testscript.Customer0Module -->
